Determining if the pthread_create exist failed with the following output:
Change Dir: /home/jordan/Projects/firefighterbaseunit/ORB_SLAM2_firefighter/build/CMakeFiles/CMakeTmp

Run Build Command:"/usr/bin/make" "cmTC_a724d/fast"
/usr/bin/make -f CMakeFiles/cmTC_a724d.dir/build.make CMakeFiles/cmTC_a724d.dir/build
make[1]: Entering directory '/home/jordan/Projects/firefighterbaseunit/ORB_SLAM2_firefighter/build/CMakeFiles/CMakeTmp'
Building C object CMakeFiles/cmTC_a724d.dir/CheckSymbolExists.c.o
/usr/bin/cc    -Wall  -O3 -march=native -fPIC -lrt    -o CMakeFiles/cmTC_a724d.dir/CheckSymbolExists.c.o   -c /home/jordan/Projects/firefighterbaseunit/ORB_SLAM2_firefighter/build/CMakeFiles/CMakeTmp/CheckSymbolExists.c
Linking C executable cmTC_a724d
/usr/bin/cmake -E cmake_link_script CMakeFiles/cmTC_a724d.dir/link.txt --verbose=1
/usr/bin/cc    -Wall  -O3 -march=native -fPIC -lrt     CMakeFiles/cmTC_a724d.dir/CheckSymbolExists.c.o  -o cmTC_a724d -rdynamic 
CMakeFiles/cmTC_a724d.dir/CheckSymbolExists.c.o: In function `main':
CheckSymbolExists.c:(.text.startup+0x3): undefined reference to `pthread_create'
collect2: error: ld returned 1 exit status
CMakeFiles/cmTC_a724d.dir/build.make:97: recipe for target 'cmTC_a724d' failed
make[1]: *** [cmTC_a724d] Error 1
make[1]: Leaving directory '/home/jordan/Projects/firefighterbaseunit/ORB_SLAM2_firefighter/build/CMakeFiles/CMakeTmp'
Makefile:126: recipe for target 'cmTC_a724d/fast' failed
make: *** [cmTC_a724d/fast] Error 2

File /home/jordan/Projects/firefighterbaseunit/ORB_SLAM2_firefighter/build/CMakeFiles/CMakeTmp/CheckSymbolExists.c:
/* */
#include <pthread.h>

int main(int argc, char** argv)
{
  (void)argv;
#ifndef pthread_create
  return ((int*)(&pthread_create))[argc];
#else
  (void)argc;
  return 0;
#endif
}

Determining if the function pthread_create exists in the pthreads failed with the following output:
Change Dir: /home/jordan/Projects/firefighterbaseunit/ORB_SLAM2_firefighter/build/CMakeFiles/CMakeTmp

Run Build Command:"/usr/bin/make" "cmTC_a2b4f/fast"
/usr/bin/make -f CMakeFiles/cmTC_a2b4f.dir/build.make CMakeFiles/cmTC_a2b4f.dir/build
make[1]: Entering directory '/home/jordan/Projects/firefighterbaseunit/ORB_SLAM2_firefighter/build/CMakeFiles/CMakeTmp'
Building C object CMakeFiles/cmTC_a2b4f.dir/CheckFunctionExists.c.o
/usr/bin/cc    -Wall  -O3 -march=native -fPIC -lrt -DCHECK_FUNCTION_EXISTS=pthread_create   -o CMakeFiles/cmTC_a2b4f.dir/CheckFunctionExists.c.o   -c /usr/share/cmake-3.5/Modules/CheckFunctionExists.c
Linking C executable cmTC_a2b4f
/usr/bin/cmake -E cmake_link_script CMakeFiles/cmTC_a2b4f.dir/link.txt --verbose=1
/usr/bin/cc    -Wall  -O3 -march=native -fPIC -lrt -DCHECK_FUNCTION_EXISTS=pthread_create    CMakeFiles/cmTC_a2b4f.dir/CheckFunctionExists.c.o  -o cmTC_a2b4f -rdynamic -lpthreads 
/usr/bin/ld: cannot find -lpthreads
collect2: error: ld returned 1 exit status
CMakeFiles/cmTC_a2b4f.dir/build.make:97: recipe for target 'cmTC_a2b4f' failed
make[1]: *** [cmTC_a2b4f] Error 1
make[1]: Leaving directory '/home/jordan/Projects/firefighterbaseunit/ORB_SLAM2_firefighter/build/CMakeFiles/CMakeTmp'
Makefile:126: recipe for target 'cmTC_a2b4f/fast' failed
make: *** [cmTC_a2b4f/fast] Error 2


